<?xml version="1.0" encoding="UTF-8"?>
<!-- Generated by org.testng.reporters.JUnitReportReporter -->
<testsuite hostname="DESKTOP-C5UC5JG" failures="0" tests="1" name="Selenium.TestCases.TCenter" time="17.707" errors="0" timestamp="2024-11-22T13:13:04 IST" skipped="0">
  <testcase classname="Selenium.TestCases.TCenter" name="verify" time="17.707"/>
  <system-out/>
</testsuite> <!-- Selenium.TestCases.TCenter -->
