<?xml version="1.0" encoding="UTF-8"?>
<!-- Generated by org.testng.reporters.JUnitReportReporter -->
<testsuite hostname="DESKTOP-C5UC5JG" failures="0" tests="1" name="Selenium.TestCases.TC001VerifyHomePage" time="5.425" errors="0" timestamp="2024-11-16T18:24:26 IST" skipped="0">
  <testcase classname="Selenium.TestCases.TC001VerifyHomePage" name="verifytheHomePage" time="5.425"/>
  <system-out/>
</testsuite> <!-- Selenium.TestCases.TC001VerifyHomePage -->
